<?xml version="1.0" encoding="UTF-8"?>
<!-- Generated by org.testng.reporters.JUnitReportReporter -->
<testsuite hostname="User" failures="0" tests="1" name="Package.DummyMavenClass" time="0.002" errors="0" timestamp="2024-11-12T17:14:33 IST" skipped="0">
  <testcase classname="Package.DummyMavenClass" name="practiceClass" time="0.002"/>
  <system-out/>
</testsuite> <!-- Package.DummyMavenClass -->
