<?xml version="1.0" encoding="UTF-8"?>
<!-- Generated by org.testng.reporters.JUnitReportReporter -->
<testsuite hostname="User" failures="0" tests="1" name="Package.NewClass" time="0.002" errors="0" timestamp="2024-11-12T17:02:04 IST" skipped="0">
  <testcase classname="Package.NewClass" name="newClass" time="0.002"/>
  <system-out/>
</testsuite> <!-- Package.NewClass -->
