<?xml version="1.0" encoding="UTF-8"?>
<!-- Generated by org.testng.reporters.JUnitReportReporter -->
<testsuite hostname="User" failures="0" tests="2" name="Contact.contactTest" time="0.015" errors="0" timestamp="2024-11-12T17:14:33 IST" skipped="0">
  <testcase classname="Contact.contactTest" name="regressionTest" time="0.007"/>
  <system-out/>
  <testcase classname="Contact.contactTest" name="smokeTest" time="0.008"/>
  <system-out/>
</testsuite> <!-- Contact.contactTest -->
