<?xml version="1.0" encoding="UTF-8"?>
<!-- Generated by org.testng.reporters.JUnitReportReporter -->
<testsuite hostname="User" failures="0" tests="2" name="Package1.NewclassTest" time="0.005" errors="0" timestamp="2024-11-12T17:02:04 IST" skipped="0">
  <testcase classname="Package1.NewclassTest" name="test1" time="0.003"/>
  <system-out/>
  <testcase classname="Package1.NewclassTest" name="test3" time="0.002"/>
  <system-out/>
</testsuite> <!-- Package1.NewclassTest -->
