<?xml version="1.0" encoding="UTF-8"?>
<!-- Generated by org.testng.reporters.JUnitReportReporter -->
<testsuite hostname="User" failures="0" tests="2" name="Organisation.OrganisationTest" time="0.005" errors="0" timestamp="2024-11-12T17:02:04 IST" skipped="0">
  <testcase classname="Organisation.OrganisationTest" name="regressionTest" time="0.002"/>
  <system-out/>
  <testcase classname="Organisation.OrganisationTest" name="smokeTest" time="0.003"/>
  <system-out/>
</testsuite> <!-- Organisation.OrganisationTest -->
